<?xml version="1.0" encoding="utf-8"?>
<assemblies timestamp="06/20/2019 20:05:20">
  <assembly name="C:\Users\krilin\dev\metaprint\tests\metaprint.test\bin\Debug\netcoreapp2.2\metaprint.test.dll" run-date="2019-06-20" run-time="20:05:20" total="6" passed="6" failed="0" skipped="0" time="0.031" errors="0">
    <errors />
    <collection total="1" passed="1" failed="0" skipped="0" name="Test collection for Metaprint.Test.FileMetadataTests" time="0.006">
      <test name="Metaprint.Test.FileMetadataTests.ShouldBeSameForNewAndEmpty" type="Metaprint.Test.FileMetadataTests" method="ShouldBeSameForNewAndEmpty" time="0.0060000" result="Pass">
        <traits />
      </test>
    </collection>
    <collection total="3" passed="3" failed="0" skipped="0" name="Test collection for Metaprint.Test.FileReaderTests" time="0.014">
      <test name="Metaprint.Test.FileReaderTests.ShouldReturnFileNameForNonNetFile" type="Metaprint.Test.FileReaderTests" method="ShouldReturnFileNameForNonNetFile" time="0.0110000" result="Pass">
        <traits />
      </test>
      <test name="Metaprint.Test.FileReaderTests.ShouldReturnEmptyFileMetadataWhenFileDowsNotExist" type="Metaprint.Test.FileReaderTests" method="ShouldReturnEmptyFileMetadataWhenFileDowsNotExist" time="0.0010000" result="Pass">
        <traits />
      </test>
      <test name="Metaprint.Test.FileReaderTests.ShouldReturnNAVersionForNonNetFile" type="Metaprint.Test.FileReaderTests" method="ShouldReturnNAVersionForNonNetFile" time="0.0020000" result="Pass">
        <traits />
      </test>
    </collection>
    <collection total="2" passed="2" failed="0" skipped="0" name="Test collection for Metaprint.Test.SettingsTest" time="0.011">
      <test name="Metaprint.Test.SettingsTest.ShouldAddDotToExtensionIfAbsent" type="Metaprint.Test.SettingsTest" method="ShouldAddDotToExtensionIfAbsent" time="0.0100000" result="Pass">
        <traits />
      </test>
      <test name="Metaprint.Test.SettingsTest.ShouldNormalizeMixedExtensions" type="Metaprint.Test.SettingsTest" method="ShouldNormalizeMixedExtensions" time="0.0010000" result="Pass">
        <traits />
      </test>
    </collection>
  </assembly>
</assemblies>